2025-03-21 17:39:28,900 - __main__ - INFO - Aplicación Dash inicializada correctamente
2025-03-22 10:22:18,673 - __main__ - INFO - Aplicación Dash inicializada correctamente
2025-03-22 10:24:33,014 - __main__ - INFO - Aplicación Dash inicializada correctamente
2025-03-22 10:25:03,032 - __main__ - INFO - Aplicación Dash inicializada correctamente
2025-03-22 10:25:03,033 - dash.dash - INFO - Dash is running on http://127.0.0.1:8050/

2025-03-22 10:25:04,583 - __main__ - INFO - Aplicación Dash inicializada correctamente
2025-03-22 10:27:41,070 - __main__ - INFO - Aplicación Dash inicializada correctamente
2025-03-22 10:27:56,380 - layout - INFO - Datos para Container 1 preparados correctamente
2025-03-22 10:27:56,380 - layout - INFO - Lista de jugadores obtenida: 129 jugadores
2025-03-22 10:27:56,388 - app - INFO - Aplicación Dash inicializada correctamente
2025-03-22 10:27:56,389 - callbacks - INFO - Aplicación importada correctamente en callbacks
2025-03-22 10:27:56,395 - callbacks - INFO - Datos cargados correctamente en callbacks
2025-03-22 10:27:56,410 - layout - INFO - Datos para Container 1 preparados correctamente
2025-03-22 10:27:56,411 - layout - INFO - Lista de jugadores obtenida: 129 jugadores
2025-03-22 10:27:56,415 - __main__ - INFO - Aplicación Dash inicializada correctamente
2025-03-22 10:29:46,216 - layout - INFO - Datos para Container 1 preparados correctamente
2025-03-22 10:29:46,216 - layout - INFO - Lista de jugadores obtenida: 129 jugadores
2025-03-22 10:29:46,227 - app - INFO - Aplicación Dash inicializada correctamente
2025-03-22 10:29:46,227 - callbacks - INFO - Aplicación importada correctamente en callbacks
2025-03-22 10:29:46,233 - callbacks - INFO - Datos cargados correctamente en callbacks
2025-03-22 10:29:46,254 - layout - INFO - Datos para Container 1 preparados correctamente
2025-03-22 10:29:46,255 - layout - INFO - Lista de jugadores obtenida: 129 jugadores
2025-03-22 10:29:46,264 - __main__ - INFO - Aplicación Dash inicializada correctamente
2025-03-22 10:30:04,825 - layout - INFO - Datos para Container 1 preparados correctamente
2025-03-22 10:30:04,828 - layout - INFO - Lista de jugadores obtenida: 129 jugadores
2025-03-22 10:30:04,846 - app - INFO - Aplicación Dash inicializada correctamente
2025-03-22 10:30:04,847 - callbacks - INFO - Aplicación importada correctamente en callbacks
2025-03-22 10:30:04,903 - layout - INFO - Datos para Container 1 preparados correctamente
2025-03-22 10:30:04,904 - layout - INFO - Lista de jugadores obtenida: 129 jugadores
2025-03-22 10:30:04,918 - __main__ - INFO - Aplicación Dash inicializada correctamente
2025-03-22 10:30:08,986 - layout - INFO - Datos para Container 1 preparados correctamente
2025-03-22 10:30:08,987 - layout - INFO - Lista de jugadores obtenida: 129 jugadores
2025-03-22 10:30:08,997 - app - INFO - Aplicación Dash inicializada correctamente
2025-03-22 10:34:08,399 - layout - INFO - Datos para Container 1 preparados correctamente
2025-03-22 10:34:08,400 - layout - INFO - Lista de jugadores obtenida: 129 jugadores
2025-03-22 10:34:08,409 - __main__ - INFO - Aplicación Dash inicializada correctamente
2025-03-22 10:34:08,412 - dash.dash - INFO - Dash is running on http://127.0.0.1:8050/

2025-03-22 10:34:10,384 - layout - INFO - Datos para Container 1 preparados correctamente
2025-03-22 10:34:10,384 - layout - INFO - Lista de jugadores obtenida: 129 jugadores
2025-03-22 10:34:10,393 - __main__ - INFO - Aplicación Dash inicializada correctamente
2025-03-22 10:53:56,821 - layout - INFO - Datos para Container 1 preparados correctamente
2025-03-22 10:53:56,822 - layout - INFO - Lista de jugadores obtenida: 129 jugadores
2025-03-22 10:53:56,832 - __main__ - INFO - Aplicación Dash inicializada correctamente
2025-03-22 10:57:25,573 - layout - INFO - Datos para Container 1 preparados correctamente
2025-03-22 10:57:25,574 - layout - INFO - Lista de jugadores obtenida: 129 jugadores
2025-03-22 10:57:25,581 - __main__ - INFO - Aplicación Dash inicializada correctamente
2025-03-22 11:08:04,162 - app - INFO - Aplicación Dash inicializada correctamente
2025-03-22 11:08:04,164 - callbacks - INFO - Aplicación importada correctamente en callbacks
2025-03-22 11:08:04,252 - __main__ - INFO - Aplicación Dash inicializada correctamente
2025-03-22 11:08:04,254 - dash.dash - INFO - Dash is running on http://127.0.0.1:8050/

2025-03-22 11:08:08,303 - app - INFO - Aplicación Dash inicializada correctamente
2025-03-22 11:08:08,304 - callbacks - INFO - Aplicación importada correctamente en callbacks
2025-03-22 11:08:08,401 - __main__ - INFO - Aplicación Dash inicializada correctamente
2025-03-22 11:13:43,313 - app - INFO - Aplicación Dash inicializada correctamente
2025-03-22 11:13:43,314 - callbacks - INFO - Aplicación importada correctamente en callbacks
2025-03-22 11:13:43,403 - __main__ - INFO - Aplicación Dash inicializada correctamente
2025-03-22 11:15:01,484 - app - INFO - Aplicación Dash inicializada correctamente
2025-03-22 11:15:01,492 - callbacks - INFO - Aplicación importada correctamente en callbacks
2025-03-22 11:15:01,587 - __main__ - INFO - Aplicación Dash inicializada correctamente
2025-03-22 11:18:16,329 - app - INFO - Aplicación Dash inicializada correctamente
2025-03-22 11:18:16,330 - callbacks - INFO - Aplicación importada correctamente en callbacks
2025-03-22 11:18:16,430 - __main__ - INFO - Aplicación Dash inicializada correctamente
2025-03-22 11:19:13,375 - app - INFO - Aplicación Dash inicializada correctamente
2025-03-22 11:19:13,376 - callbacks - INFO - Aplicación importada correctamente en callbacks
2025-03-22 11:19:13,478 - __main__ - INFO - Aplicación Dash inicializada correctamente
2025-03-22 11:21:42,865 - app - INFO - Aplicación Dash inicializada correctamente
2025-03-22 11:21:42,866 - callbacks - INFO - Aplicación importada correctamente en callbacks
2025-03-22 11:21:42,884 - callbacks - INFO - Aplicación importada correctamente en callbacks
2025-03-22 11:21:42,959 - __main__ - INFO - Aplicación Dash inicializada correctamente
2025-03-22 11:22:08,498 - app - INFO - Aplicación Dash inicializada correctamente
2025-03-22 11:22:08,500 - callbacks - INFO - Aplicación importada correctamente en callbacks
2025-03-22 11:22:08,519 - callbacks - INFO - Aplicación importada correctamente en callbacks
2025-03-22 11:22:08,631 - __main__ - INFO - Aplicación Dash inicializada correctamente
2025-03-22 11:22:08,634 - dash.dash - INFO - Dash is running on http://127.0.0.1:8050/

2025-03-22 11:22:12,658 - app - INFO - Aplicación Dash inicializada correctamente
2025-03-22 11:22:12,660 - callbacks - INFO - Aplicación importada correctamente en callbacks
2025-03-22 11:22:12,679 - callbacks - INFO - Aplicación importada correctamente en callbacks
2025-03-22 11:22:12,792 - __main__ - INFO - Aplicación Dash inicializada correctamente
2025-03-22 11:26:43,361 - app - INFO - Aplicación Dash inicializada correctamente
2025-03-22 11:26:43,363 - callbacks - INFO - Aplicación importada correctamente en callbacks
2025-03-22 11:26:43,383 - callbacks - INFO - Aplicación importada correctamente en callbacks
2025-03-22 11:26:43,477 - __main__ - INFO - Aplicación Dash inicializada correctamente
2025-03-22 11:26:59,550 - app - INFO - Aplicación Dash inicializada correctamente
2025-03-22 11:26:59,551 - callbacks - INFO - Aplicación importada correctamente en callbacks
2025-03-22 11:26:59,568 - callbacks - INFO - Aplicación importada correctamente en callbacks
2025-03-22 11:26:59,683 - __main__ - INFO - Aplicación Dash inicializada correctamente
2025-03-22 11:28:07,849 - app - INFO - Aplicación Dash inicializada correctamente
2025-03-22 11:28:07,850 - callbacks - INFO - Aplicación importada correctamente en callbacks
2025-03-22 11:28:07,877 - callbacks - INFO - Aplicación importada correctamente en callbacks
2025-03-22 11:28:07,981 - __main__ - INFO - Aplicación Dash inicializada correctamente
2025-03-22 11:28:16,665 - app - INFO - Aplicación Dash inicializada correctamente
2025-03-22 11:28:16,666 - callbacks - INFO - Aplicación importada correctamente en callbacks
2025-03-22 11:28:16,708 - callbacks - INFO - Aplicación importada correctamente en callbacks
2025-03-22 11:28:16,897 - __main__ - INFO - Aplicación Dash inicializada correctamente
2025-03-22 11:29:12,880 - app - INFO - Aplicación Dash inicializada correctamente
2025-03-22 11:29:12,881 - callbacks - INFO - Aplicación importada correctamente en callbacks
2025-03-22 11:29:12,909 - callbacks - INFO - Aplicación importada correctamente en callbacks
2025-03-22 11:29:13,002 - __main__ - INFO - Aplicación Dash inicializada correctamente
2025-03-22 11:29:13,005 - dash.dash - INFO - Dash is running on http://127.0.0.1:8050/

2025-03-22 11:29:16,482 - app - INFO - Aplicación Dash inicializada correctamente
2025-03-22 11:29:16,483 - callbacks - INFO - Aplicación importada correctamente en callbacks
2025-03-22 11:29:16,503 - callbacks - INFO - Aplicación importada correctamente en callbacks
2025-03-22 11:29:16,584 - __main__ - INFO - Aplicación Dash inicializada correctamente
2025-03-22 11:32:10,083 - app - INFO - Aplicación Dash inicializada correctamente
2025-03-22 11:32:10,084 - callbacks - INFO - Aplicación importada correctamente en callbacks
2025-03-22 11:32:10,105 - callbacks - INFO - Aplicación importada correctamente en callbacks
2025-03-22 11:32:10,189 - __main__ - INFO - Aplicación Dash inicializada correctamente
2025-03-22 11:32:27,512 - app - INFO - Aplicación Dash inicializada correctamente
2025-03-22 11:32:27,513 - callbacks - INFO - Aplicación importada correctamente en callbacks
2025-03-22 11:32:27,532 - callbacks - INFO - Aplicación importada correctamente en callbacks
2025-03-22 11:32:27,615 - __main__ - INFO - Aplicación Dash inicializada correctamente
2025-03-22 11:32:53,680 - app - INFO - Aplicación Dash inicializada correctamente
2025-03-22 11:32:53,681 - callbacks - INFO - Aplicación importada correctamente en callbacks
2025-03-22 11:32:53,703 - callbacks - INFO - Aplicación importada correctamente en callbacks
2025-03-22 11:32:53,771 - __main__ - INFO - Aplicación Dash inicializada correctamente
2025-03-22 11:35:39,514 - app - INFO - Aplicación Dash inicializada correctamente
2025-03-22 11:35:39,598 - __main__ - INFO - Aplicación Dash inicializada correctamente
2025-03-22 11:35:39,600 - dash.dash - INFO - Dash is running on http://127.0.0.1:8050/

2025-03-22 11:35:43,802 - app - INFO - Aplicación Dash inicializada correctamente
2025-03-22 11:35:43,905 - __main__ - INFO - Aplicación Dash inicializada correctamente
2025-03-22 11:42:55,385 - app - INFO - Aplicación Dash inicializada correctamente
2025-03-22 11:42:55,488 - __main__ - INFO - Aplicación Dash inicializada correctamente
2025-03-22 11:43:24,721 - app - INFO - Aplicación Dash inicializada correctamente
2025-03-22 11:43:24,818 - __main__ - INFO - Aplicación Dash inicializada correctamente
2025-03-22 11:48:04,656 - app - INFO - Aplicación Dash inicializada correctamente
2025-03-22 11:48:04,750 - __main__ - INFO - Aplicación Dash inicializada correctamente
2025-03-22 11:48:04,753 - dash.dash - INFO - Dash is running on http://127.0.0.1:8050/

2025-03-22 11:48:09,153 - app - INFO - Aplicación Dash inicializada correctamente
2025-03-22 11:48:09,239 - __main__ - INFO - Aplicación Dash inicializada correctamente
2025-03-22 11:50:44,202 - app - INFO - Aplicación Dash inicializada correctamente
2025-03-22 11:50:44,283 - __main__ - INFO - Aplicación Dash inicializada correctamente
2025-03-22 11:51:26,565 - app - INFO - Aplicación Dash inicializada correctamente
2025-03-22 11:51:26,629 - __main__ - INFO - Aplicación Dash inicializada correctamente
2025-03-22 11:52:08,822 - app - INFO - Aplicación Dash inicializada correctamente
2025-03-22 11:52:08,899 - __main__ - INFO - Aplicación Dash inicializada correctamente
2025-03-22 11:54:31,548 - app - INFO - Aplicación Dash inicializada correctamente
2025-03-22 11:54:31,604 - __main__ - INFO - Aplicación Dash inicializada correctamente
2025-03-22 11:54:55,447 - app - INFO - Aplicación Dash inicializada correctamente
2025-03-22 11:54:55,536 - __main__ - INFO - Aplicación Dash inicializada correctamente
2025-03-22 11:55:21,828 - app - INFO - Aplicación Dash inicializada correctamente
2025-03-22 11:55:21,926 - __main__ - INFO - Aplicación Dash inicializada correctamente
2025-03-22 11:56:03,994 - app - INFO - Aplicación Dash inicializada correctamente
2025-03-22 11:56:04,082 - __main__ - INFO - Aplicación Dash inicializada correctamente
2025-03-22 11:56:04,084 - dash.dash - INFO - Dash is running on http://127.0.0.1:8050/

2025-03-22 11:56:08,351 - app - INFO - Aplicación Dash inicializada correctamente
2025-03-22 11:56:08,434 - __main__ - INFO - Aplicación Dash inicializada correctamente
2025-03-22 11:57:07,240 - app - INFO - Aplicación Dash inicializada correctamente
2025-03-22 11:57:07,353 - __main__ - INFO - Aplicación Dash inicializada correctamente
2025-03-22 11:57:23,319 - app - INFO - Aplicación Dash inicializada correctamente
2025-03-22 11:57:23,409 - __main__ - INFO - Aplicación Dash inicializada correctamente
2025-03-22 12:48:50,274 - app - INFO - Aplicación Dash inicializada correctamente
2025-03-22 12:48:50,338 - __main__ - INFO - Aplicación Dash inicializada correctamente
2025-03-22 12:55:34,139 - app - INFO - Aplicación Dash inicializada correctamente
2025-03-22 12:55:34,195 - __main__ - INFO - Aplicación Dash inicializada correctamente
2025-03-22 12:56:47,451 - app - INFO - Aplicación Dash inicializada correctamente
2025-03-22 12:56:47,711 - __main__ - INFO - Aplicación Dash inicializada correctamente
2025-03-22 12:57:10,679 - app - INFO - Aplicación Dash inicializada correctamente
2025-03-22 12:57:10,764 - __main__ - INFO - Aplicación Dash inicializada correctamente
2025-03-22 12:57:10,769 - dash.dash - INFO - Dash is running on http://127.0.0.1:8050/

2025-03-22 12:57:15,007 - app - INFO - Aplicación Dash inicializada correctamente
2025-03-22 12:57:15,113 - __main__ - INFO - Aplicación Dash inicializada correctamente
2025-03-22 13:05:46,715 - app - INFO - Aplicación Dash inicializada correctamente
2025-03-22 13:05:46,891 - __main__ - INFO - Aplicación Dash inicializada correctamente
2025-03-22 13:09:05,363 - app - INFO - Aplicación Dash inicializada correctamente
2025-03-22 13:09:05,438 - __main__ - INFO - Aplicación Dash inicializada correctamente
2025-03-22 13:09:58,480 - app - INFO - Aplicación Dash inicializada correctamente
2025-03-22 13:09:58,527 - __main__ - INFO - Aplicación Dash inicializada correctamente
2025-03-22 13:11:22,328 - app - INFO - Aplicación Dash inicializada correctamente
2025-03-22 13:11:22,676 - __main__ - INFO - Aplicación Dash inicializada correctamente
2025-03-22 13:13:59,689 - app - INFO - Aplicación Dash inicializada correctamente
2025-03-22 13:13:59,746 - __main__ - INFO - Aplicación Dash inicializada correctamente
2025-03-22 13:15:19,751 - app - INFO - Aplicación Dash inicializada correctamente
2025-03-22 13:15:19,798 - __main__ - INFO - Aplicación Dash inicializada correctamente
2025-03-22 13:17:46,189 - app - INFO - Aplicación Dash inicializada correctamente
2025-03-22 13:17:46,247 - __main__ - INFO - Aplicación Dash inicializada correctamente
2025-03-22 13:19:32,378 - app - INFO - Aplicación Dash inicializada correctamente
2025-03-22 13:19:32,424 - __main__ - INFO - Aplicación Dash inicializada correctamente
2025-03-22 13:19:32,425 - dash.dash - INFO - Dash is running on http://127.0.0.1:8050/

2025-03-22 13:19:34,327 - app - INFO - Aplicación Dash inicializada correctamente
2025-03-22 13:19:34,371 - __main__ - INFO - Aplicación Dash inicializada correctamente
2025-03-22 13:28:48,357 - app - INFO - Aplicación Dash inicializada correctamente
2025-03-22 13:28:48,396 - __main__ - INFO - Aplicación Dash inicializada correctamente
2025-03-22 13:28:48,397 - dash.dash - INFO - Dash is running on http://127.0.0.1:8050/

2025-03-22 13:28:50,371 - app - INFO - Aplicación Dash inicializada correctamente
2025-03-22 13:28:50,417 - __main__ - INFO - Aplicación Dash inicializada correctamente
2025-03-22 13:30:44,374 - app - INFO - Aplicación Dash inicializada correctamente
2025-03-22 13:30:44,425 - __main__ - INFO - Aplicación Dash inicializada correctamente
2025-03-22 13:31:38,384 - app - INFO - Aplicación Dash inicializada correctamente
2025-03-22 13:31:38,425 - __main__ - INFO - Aplicación Dash inicializada correctamente
2025-03-22 13:31:57,865 - app - INFO - Aplicación Dash inicializada correctamente
2025-03-22 13:31:57,905 - __main__ - INFO - Aplicación Dash inicializada correctamente
2025-03-22 13:32:09,423 - app - INFO - Aplicación Dash inicializada correctamente
2025-03-22 13:32:09,473 - __main__ - INFO - Aplicación Dash inicializada correctamente
2025-03-23 20:20:45,586 - __main__ - ERROR - Error al inicializar la aplicación Dash: 'Jugador'
2025-03-23 20:21:06,452 - __main__ - ERROR - Error al inicializar la aplicación Dash: 'Jugador'
